<?xml version="1.0" encoding="UTF-8"?>
<!-- Generated by org.testng.reporters.JUnitReportReporter -->
<testsuite ignored="0" hostname="CR-LAP-MAR-SANC" failures="0" tests="1" name="loginTest.TC_03_Logout" time="5.820" errors="0" timestamp="12 Dec 2020 16:26:00 GMT" skipped="0">
  <testcase classname="loginTest.TC_03_Logout" name="TC_03" time="5.820"/>
</testsuite> <!-- loginTest.TC_03_Logout -->
