<?xml version="1.0" encoding="UTF-8"?>
<!-- Generated by org.testng.reporters.JUnitReportReporter -->
<testsuite ignored="0" hostname="CR-LAP-MAR-SANC" failures="0" tests="2" name="loginTest.TC_04CorrectLoginParameters" time="3.861" errors="0" timestamp="12 Dec 2020 15:37:15 GMT" skipped="0">
  <testcase classname="loginTest.TC_04CorrectLoginParameters" name="TC_01" time="2.949"/>
  <testcase classname="loginTest.TC_04CorrectLoginParameters" name="TC_01" time="0.912"/>
</testsuite> <!-- loginTest.TC_04CorrectLoginParameters -->
