<?xml version="1.0" encoding="UTF-8"?>
<!-- Generated by org.testng.reporters.JUnitReportReporter -->
<testsuite ignored="0" hostname="CR-LAP-MAR-SANC" failures="0" tests="1" name="loginTest.TC_02_IncorrectLogin" time="1.028" errors="0" timestamp="05 Dec 2020 17:51:10 GMT" skipped="0">
  <testcase classname="loginTest.TC_02_IncorrectLogin" name="TC_02" time="1.028"/>
</testsuite> <!-- loginTest.TC_02_IncorrectLogin -->
