<?xml version="1.0" encoding="UTF-8"?>
<!-- Generated by org.testng.reporters.JUnitReportReporter -->
<testsuite ignored="0" hostname="CR-LAP-MAR-SANC" failures="0" tests="1" name="loginTest.TC_01CorrectLogin" time="3.143" errors="0" timestamp="05 Dec 2020 17:30:16 GMT" skipped="0">
  <testcase classname="loginTest.TC_01CorrectLogin" name="TC_01" time="3.143"/>
</testsuite> <!-- loginTest.TC_01CorrectLogin -->
