<?xml version="1.0" encoding="UTF-8"?>
<!-- Generated by org.testng.reporters.JUnitReportReporter -->
<testsuite ignored="0" hostname="CR-LAP-MAR-SANC" failures="0" tests="1" name="prueba.Asserts" time="0.014" errors="0" timestamp="13 Nov 2020 01:32:28 GMT" skipped="0">
  <testcase classname="prueba.Asserts" name="f" time="0.014"/>
</testsuite> <!-- prueba.Asserts -->
